[0613/132623.086:ERROR:process_reader_win.cc(123)] NtOpenThread: {Odmowa dostêpu} Proces za¿¹da³ dostêpu do obiektu, ale prawa dostêpu nie zosta³y przyznane. (0xc0000022)
[0613/132623.088:ERROR:exception_snapshot_win.cc(98)] thread ID 16888 not found in process
[0613/132628.180:ERROR:process_reader_win.cc(123)] NtOpenThread: {Odmowa dostêpu} Proces za¿¹da³ dostêpu do obiektu, ale prawa dostêpu nie zosta³y przyznane. (0xc0000022)
[0613/132628.181:ERROR:exception_snapshot_win.cc(98)] thread ID 11968 not found in process
[0613/132628.216:ERROR:process_reader_win.cc(123)] NtOpenThread: {Odmowa dostêpu} Proces za¿¹da³ dostêpu do obiektu, ale prawa dostêpu nie zosta³y przyznane. (0xc0000022)
[0613/132628.216:ERROR:exception_snapshot_win.cc(98)] thread ID 6404 not found in process
[0613/132628.181:ERROR:scoped_process_suspend.cc(40)] NtResumeProcess: Podjêto próbê uzyskania dostêpu do procesu koñcz¹cego dzia³anie. (0xc000010a)
[0613/154630.320:ERROR:prune_crash_reports.cc(35)] PruneCrashReportDatabase: Failed to get pending reports
[0613/203357.901:ERROR:process_reader_win.cc(151)] SuspendThread: Odmowa dostêpu. (0x5)
[0613/203357.902:ERROR:process_reader_win.cc(151)] SuspendThread: Odmowa dostêpu. (0x5)
[0613/203357.902:ERROR:process_reader_win.cc(151)] SuspendThread: Odmowa dostêpu. (0x5)
[0613/203357.902:ERROR:process_reader_win.cc(151)] SuspendThread: Odmowa dostêpu. (0x5)
[0613/203357.902:ERROR:process_reader_win.cc(123)] NtOpenThread: {Odmowa dostêpu} Proces za¿¹da³ dostêpu do obiektu, ale prawa dostêpu nie zosta³y przyznane. (0xc0000022)
[0613/203357.902:ERROR:exception_snapshot_win.cc(98)] thread ID 16936 not found in process
[0616/044754.920:ERROR:process_reader_win.cc(123)] NtOpenThread: {Odmowa dostêpu} Proces za¿¹da³ dostêpu do obiektu, ale prawa dostêpu nie zosta³y przyznane. (0xc0000022)
[0616/044755.150:ERROR:exception_snapshot_win.cc(98)] thread ID 8524 not found in process
[0616/044755.330:ERROR:process_reader_win.cc(123)] NtOpenThread: {Odmowa dostêpu} Proces za¿¹da³ dostêpu do obiektu, ale prawa dostêpu nie zosta³y przyznane. (0xc0000022)
[0616/044755.331:ERROR:exception_snapshot_win.cc(98)] thread ID 11180 not found in process
[0616/044755.441:ERROR:process_reader_win.cc(123)] NtOpenThread: {Odmowa dostêpu} Proces za¿¹da³ dostêpu do obiektu, ale prawa dostêpu nie zosta³y przyznane. (0xc0000022)
[0616/044755.442:ERROR:exception_snapshot_win.cc(98)] thread ID 17968 not found in process
